<?xml version="1.0" encoding="UTF-8"?>
<!-- Generated by org.testng.reporters.JUnitReportReporter -->
<testsuite hostname="DESKTOP-QHU2OT5" failures="0" tests="2" name="com.MyTest.LoginTest" time="0.014" errors="0" timestamp="2022-09-08T18:32:09 IST" skipped="0">
  <testcase classname="com.MyTest.LoginTest" name="LoginTest1" time="0.011"/>
  <system-out/>
  <testcase classname="com.MyTest.LoginTest" name="LogOutTest2" time="0.003"/>
  <system-out/>
</testsuite> <!-- com.MyTest.LoginTest -->
