<?xml version="1.0" encoding="UTF-8"?>
<!-- Generated by org.testng.reporters.JUnitReportReporter -->
<testsuite hostname="DESKTOP-QHU2OT5" failures="0" tests="1" name="com.MyTest.NewTestng" time="0.027" errors="0" timestamp="2022-09-08T19:50:25 IST" skipped="0">
  <testcase classname="com.MyTest.NewTestng" name="verifyHomePageTitle" time="0.027"/>
  <system-out/>
</testsuite> <!-- com.MyTest.NewTestng -->
